Arguments: 
  /home/kleberfreire/.nvm/versions/node/v16.13.1/bin/node /home/kleberfreire/.nvm/versions/node/v16.13.1/bin/yarn add express

PATH: 
  /home/kleberfreire/.vscode-server/bin/7db1a2b88f7557e0a43fec75b6ba7e50b3e9f77e/bin:/home/kleberfreire/.local/share/zinit/polaris/bin:/home/kleberfreire/.nvm/versions/node/v16.13.1/bin:/usr/local/sbin:/usr/local/bin:/usr/sbin:/usr/bin:/sbin:/bin:/usr/games:/usr/local/games:/usr/lib/wsl/lib:/mnt/c/Program Files/AdoptOpenJDK/jre-8.0.292.10-hotspot/bin:/mnt/c/WINDOWS/system32:/mnt/c/WINDOWS:/mnt/c/WINDOWS/System32/Wbem:/mnt/c/WINDOWS/System32/WindowsPowerShell/v1.0/:/mnt/c/WINDOWS/System32/OpenSSH/:/mnt/c/ProgramData/chocolatey/bin:/mnt/c/Program Files/Microsoft VS Code/bin:/mnt/c/Users/kleber.freire/AppData/Local/Microsoft/WindowsApps

Yarn version: 
  1.22.17

Node version: 
  16.13.1

Platform: 
  linux x64

Trace: 
  SyntaxError: /home/kleberfreire/Development/Cursos/Rocketseat/Ignite/NodeJS/Chapter I/projeto/package.json: Unexpected end of JSON input
      at JSON.parse (<anonymous>)
      at /home/kleberfreire/.nvm/versions/node/v16.13.1/lib/node_modules/yarn/lib/cli.js:1625:59
      at Generator.next (<anonymous>)
      at step (/home/kleberfreire/.nvm/versions/node/v16.13.1/lib/node_modules/yarn/lib/cli.js:310:30)
      at /home/kleberfreire/.nvm/versions/node/v16.13.1/lib/node_modules/yarn/lib/cli.js:321:13

npm manifest: 
  

yarn manifest: 
  No manifest

Lockfile: 
  No lockfile
